<?xml version="1.0" encoding="UTF-8"?>
<testng-results skipped="0" failed="0" ignored="0" total="1" passed="1">
  <reporter-output>
  </reporter-output>
  <suite name="Default suite" duration-ms="34556" started-at="2022-02-09T12:12:27Z" finished-at="2022-02-09T12:13:02Z">
    <groups>
    </groups>
    <test name="Default test" duration-ms="34556" started-at="2022-02-09T12:12:27Z" finished-at="2022-02-09T12:13:02Z">
      <class name="com.technocredits.orghrm.testscripts.DashboardTest">
        <test-method status="PASS" signature="verifyWidgetsTest()[pri:0, instance:com.technocredits.orghrm.testscripts.DashboardTest@6cc4c815]" name="verifyWidgetsTest" duration-ms="34482" started-at="2022-02-09T17:42:27Z" finished-at="2022-02-09T17:43:02Z">
          <reporter-output>
          </reporter-output>
        </test-method> <!-- verifyWidgetsTest -->
      </class> <!-- com.technocredits.orghrm.testscripts.DashboardTest -->
    </test> <!-- Default test -->
  </suite> <!-- Default suite -->
</testng-results>
